[14/Oct/2016 22:41:18] DEBUG [tethyscluster:647] Loading config
[14/Oct/2016 22:41:18] DEBUG [tethyscluster:647] Loading config
[14/Oct/2016 22:41:18] DEBUG [tethyscluster:160] Loading file: /home/tethys-user/.tethyscluster/config
[14/Oct/2016 22:41:18] INFO [tethyscluster:666] No [aws info] nor [azure info] section found in the config!
[14/Oct/2016 22:41:18] DEBUG [tethys.tethys_compute.models:116] No default cluster template specified.

To set the default cluster template, set DEFAULT_TEMPLATE in the [global] section of the config to the name of one of your cluster templates
[14/Oct/2016 22:41:18] DEBUG [tethyscluster:160] Loading file: /home/tethys-user/.tethyscluster/config
[14/Oct/2016 22:41:18] INFO [tethyscluster:666] No [aws info] nor [azure info] section found in the config!
[14/Oct/2016 22:41:18] DEBUG [tethys.tethys_compute.models:116] No default cluster template specified.

To set the default cluster template, set DEFAULT_TEMPLATE in the [global] section of the config to the name of one of your cluster templates
[14/Oct/2016 22:41:18] DEBUG [tethyscluster:647] Loading config
[14/Oct/2016 22:41:18] DEBUG [tethyscluster:160] Loading file: /home/tethys-user/.tethyscluster/config
[14/Oct/2016 22:41:18] INFO [tethyscluster:666] No [aws info] nor [azure info] section found in the config!
[14/Oct/2016 22:41:18] DEBUG [tethys.tethys_compute.models:116] No default cluster template specified.

To set the default cluster template, set DEFAULT_TEMPLATE in the [global] section of the config to the name of one of your cluster templates
[14/Oct/2016 22:41:18] WARNING [py.warnings:22] /usr/local/lib/python2.7/site-packages/six.py:808: RemovedInDjango110Warning: SubfieldBase has been deprecated. Use Field.from_db_value instead.
  return meta(name, bases, d)

[14/Oct/2016 22:41:18] DEBUG [tethyscluster:647] Loading config
[14/Oct/2016 22:41:18] DEBUG [tethyscluster:160] Loading file: /home/tethys-user/.tethyscluster/config
[14/Oct/2016 22:41:18] INFO [tethyscluster:666] No [aws info] nor [azure info] section found in the config!
[14/Oct/2016 22:41:18] DEBUG [tethys.tethys_compute.models:116] No default cluster template specified.

To set the default cluster template, set DEFAULT_TEMPLATE in the [global] section of the config to the name of one of your cluster templates
[14/Oct/2016 22:41:19] DEBUG [tethyscluster:647] Loading config
[14/Oct/2016 22:41:19] DEBUG [tethyscluster:160] Loading file: /home/tethys-user/.tethyscluster/config
[14/Oct/2016 22:41:19] INFO [tethyscluster:666] No [aws info] nor [azure info] section found in the config!
[14/Oct/2016 22:41:19] DEBUG [tethys.tethys_compute.models:116] No default cluster template specified.

To set the default cluster template, set DEFAULT_TEMPLATE in the [global] section of the config to the name of one of your cluster templates
[14/Oct/2016 22:41:19] WARNING [py.warnings:22] /usr/local/lib/python2.7/site-packages/six.py:808: RemovedInDjango110Warning: SubfieldBase has been deprecated. Use Field.from_db_value instead.
  return meta(name, bases, d)

[14/Oct/2016 22:41:19] WARNING [py.warnings:22] /usr/local/lib/python2.7/site-packages/six.py:808: RemovedInDjango110Warning: SubfieldBase has been deprecated. Use Field.from_db_value instead.
  return meta(name, bases, d)

[14/Oct/2016 22:41:19] WARNING [py.warnings:22] /usr/local/lib/python2.7/site-packages/six.py:808: RemovedInDjango110Warning: SubfieldBase has been deprecated. Use Field.from_db_value instead.
  return meta(name, bases, d)

[14/Oct/2016 22:41:19] WARNING [py.warnings:22] /usr/local/lib/python2.7/site-packages/six.py:808: RemovedInDjango110Warning: SubfieldBase has been deprecated. Use Field.from_db_value instead.
  return meta(name, bases, d)

[14/Oct/2016 22:41:19] DEBUG [tethyscluster:647] Loading config
[14/Oct/2016 22:41:19] DEBUG [tethyscluster:160] Loading file: /home/tethys-user/.tethyscluster/config
[14/Oct/2016 22:41:19] INFO [tethyscluster:666] No [aws info] nor [azure info] section found in the config!
[14/Oct/2016 22:41:19] DEBUG [tethys.tethys_compute.models:116] No default cluster template specified.

To set the default cluster template, set DEFAULT_TEMPLATE in the [global] section of the config to the name of one of your cluster templates
[14/Oct/2016 22:41:19] DEBUG [tethyscluster:647] Loading config
[14/Oct/2016 22:41:19] DEBUG [tethyscluster:160] Loading file: /home/tethys-user/.tethyscluster/config
[14/Oct/2016 22:41:19] INFO [tethyscluster:666] No [aws info] nor [azure info] section found in the config!
[14/Oct/2016 22:41:19] DEBUG [tethys.tethys_compute.models:116] No default cluster template specified.

To set the default cluster template, set DEFAULT_TEMPLATE in the [global] section of the config to the name of one of your cluster templates
[14/Oct/2016 22:41:19] DEBUG [tethyscluster:647] Loading config
[14/Oct/2016 22:41:19] DEBUG [tethyscluster:160] Loading file: /home/tethys-user/.tethyscluster/config
[14/Oct/2016 22:41:19] INFO [tethyscluster:666] No [aws info] nor [azure info] section found in the config!
[14/Oct/2016 22:41:19] DEBUG [tethys.tethys_compute.models:116] No default cluster template specified.

To set the default cluster template, set DEFAULT_TEMPLATE in the [global] section of the config to the name of one of your cluster templates
[14/Oct/2016 22:41:19] WARNING [py.warnings:22] /usr/local/lib/python2.7/site-packages/six.py:808: RemovedInDjango110Warning: SubfieldBase has been deprecated. Use Field.from_db_value instead.
  return meta(name, bases, d)

[14/Oct/2016 22:41:19] WARNING [py.warnings:22] /usr/local/lib/python2.7/site-packages/six.py:808: RemovedInDjango110Warning: SubfieldBase has been deprecated. Use Field.from_db_value instead.
  return meta(name, bases, d)

[14/Oct/2016 22:41:19] DEBUG [tethyscluster:647] Loading config
[14/Oct/2016 22:41:19] DEBUG [tethyscluster:160] Loading file: /home/tethys-user/.tethyscluster/config
[14/Oct/2016 22:41:19] INFO [tethyscluster:666] No [aws info] nor [azure info] section found in the config!
[14/Oct/2016 22:41:19] DEBUG [tethys.tethys_compute.models:116] No default cluster template specified.

To set the default cluster template, set DEFAULT_TEMPLATE in the [global] section of the config to the name of one of your cluster templates
[14/Oct/2016 22:41:19] WARNING [py.warnings:22] /usr/local/lib/python2.7/site-packages/six.py:808: RemovedInDjango110Warning: SubfieldBase has been deprecated. Use Field.from_db_value instead.
  return meta(name, bases, d)

[14/Oct/2016 22:41:19] WARNING [py.warnings:22] /usr/local/lib/python2.7/site-packages/six.py:808: RemovedInDjango110Warning: SubfieldBase has been deprecated. Use Field.from_db_value instead.
  return meta(name, bases, d)

[14/Oct/2016 22:41:38] WARNING [django.request:182] Not Found: /apps/sdfsdf
[14/Oct/2016 22:55:25] DEBUG [tethyscluster:647] Loading config
[14/Oct/2016 22:55:25] DEBUG [tethyscluster:160] Loading file: /home/tethys-user/.tethyscluster/config
[14/Oct/2016 22:55:25] INFO [tethyscluster:666] No [aws info] nor [azure info] section found in the config!
[14/Oct/2016 22:55:25] DEBUG [tethys.tethys_compute.models:116] No default cluster template specified.

To set the default cluster template, set DEFAULT_TEMPLATE in the [global] section of the config to the name of one of your cluster templates
[14/Oct/2016 22:55:25] DEBUG [tethyscluster:647] Loading config
[14/Oct/2016 22:55:25] DEBUG [tethyscluster:160] Loading file: /home/tethys-user/.tethyscluster/config
[14/Oct/2016 22:55:25] INFO [tethyscluster:666] No [aws info] nor [azure info] section found in the config!
[14/Oct/2016 22:55:25] DEBUG [tethys.tethys_compute.models:116] No default cluster template specified.

To set the default cluster template, set DEFAULT_TEMPLATE in the [global] section of the config to the name of one of your cluster templates
[14/Oct/2016 22:55:26] WARNING [py.warnings:22] /usr/local/lib/python2.7/site-packages/six.py:808: RemovedInDjango110Warning: SubfieldBase has been deprecated. Use Field.from_db_value instead.
  return meta(name, bases, d)

[14/Oct/2016 22:55:26] WARNING [py.warnings:22] /usr/local/lib/python2.7/site-packages/six.py:808: RemovedInDjango110Warning: SubfieldBase has been deprecated. Use Field.from_db_value instead.
  return meta(name, bases, d)

[14/Oct/2016 22:55:26] DEBUG [tethyscluster:647] Loading config
[14/Oct/2016 22:55:26] DEBUG [tethyscluster:647] Loading config
[14/Oct/2016 22:55:26] DEBUG [tethyscluster:160] Loading file: /home/tethys-user/.tethyscluster/config
[14/Oct/2016 22:55:26] INFO [tethyscluster:666] No [aws info] nor [azure info] section found in the config!
[14/Oct/2016 22:55:26] DEBUG [tethys.tethys_compute.models:116] No default cluster template specified.

To set the default cluster template, set DEFAULT_TEMPLATE in the [global] section of the config to the name of one of your cluster templates
[14/Oct/2016 22:55:26] DEBUG [tethyscluster:160] Loading file: /home/tethys-user/.tethyscluster/config
[14/Oct/2016 22:55:26] INFO [tethyscluster:666] No [aws info] nor [azure info] section found in the config!
[14/Oct/2016 22:55:26] DEBUG [tethys.tethys_compute.models:116] No default cluster template specified.

To set the default cluster template, set DEFAULT_TEMPLATE in the [global] section of the config to the name of one of your cluster templates
[14/Oct/2016 22:55:26] DEBUG [tethyscluster:647] Loading config
[14/Oct/2016 22:55:26] DEBUG [tethyscluster:160] Loading file: /home/tethys-user/.tethyscluster/config
[14/Oct/2016 22:55:26] INFO [tethyscluster:666] No [aws info] nor [azure info] section found in the config!
[14/Oct/2016 22:55:26] DEBUG [tethys.tethys_compute.models:116] No default cluster template specified.

To set the default cluster template, set DEFAULT_TEMPLATE in the [global] section of the config to the name of one of your cluster templates
[14/Oct/2016 22:55:26] DEBUG [tethyscluster:647] Loading config
[14/Oct/2016 22:55:26] DEBUG [tethyscluster:160] Loading file: /home/tethys-user/.tethyscluster/config
[14/Oct/2016 22:55:26] INFO [tethyscluster:666] No [aws info] nor [azure info] section found in the config!
[14/Oct/2016 22:55:26] DEBUG [tethys.tethys_compute.models:116] No default cluster template specified.

To set the default cluster template, set DEFAULT_TEMPLATE in the [global] section of the config to the name of one of your cluster templates
[14/Oct/2016 22:55:26] WARNING [py.warnings:22] /usr/local/lib/python2.7/site-packages/six.py:808: RemovedInDjango110Warning: SubfieldBase has been deprecated. Use Field.from_db_value instead.
  return meta(name, bases, d)

[14/Oct/2016 22:55:26] DEBUG [tethyscluster:647] Loading config
[14/Oct/2016 22:55:26] DEBUG [tethyscluster:160] Loading file: /home/tethys-user/.tethyscluster/config
[14/Oct/2016 22:55:26] INFO [tethyscluster:666] No [aws info] nor [azure info] section found in the config!
[14/Oct/2016 22:55:26] DEBUG [tethys.tethys_compute.models:116] No default cluster template specified.

To set the default cluster template, set DEFAULT_TEMPLATE in the [global] section of the config to the name of one of your cluster templates
[14/Oct/2016 22:55:26] DEBUG [tethyscluster:647] Loading config
[14/Oct/2016 22:55:26] DEBUG [tethyscluster:160] Loading file: /home/tethys-user/.tethyscluster/config
[14/Oct/2016 22:55:26] INFO [tethyscluster:666] No [aws info] nor [azure info] section found in the config!
[14/Oct/2016 22:55:26] DEBUG [tethys.tethys_compute.models:116] No default cluster template specified.

To set the default cluster template, set DEFAULT_TEMPLATE in the [global] section of the config to the name of one of your cluster templates
[14/Oct/2016 22:55:26] WARNING [py.warnings:22] /usr/local/lib/python2.7/site-packages/six.py:808: RemovedInDjango110Warning: SubfieldBase has been deprecated. Use Field.from_db_value instead.
  return meta(name, bases, d)

[14/Oct/2016 22:55:26] WARNING [py.warnings:22] /usr/local/lib/python2.7/site-packages/six.py:808: RemovedInDjango110Warning: SubfieldBase has been deprecated. Use Field.from_db_value instead.
  return meta(name, bases, d)

[14/Oct/2016 22:55:26] WARNING [py.warnings:22] /usr/local/lib/python2.7/site-packages/six.py:808: RemovedInDjango110Warning: SubfieldBase has been deprecated. Use Field.from_db_value instead.
  return meta(name, bases, d)

[14/Oct/2016 22:55:27] DEBUG [tethyscluster:647] Loading config
[14/Oct/2016 22:55:27] DEBUG [tethyscluster:160] Loading file: /home/tethys-user/.tethyscluster/config
[14/Oct/2016 22:55:27] INFO [tethyscluster:666] No [aws info] nor [azure info] section found in the config!
[14/Oct/2016 22:55:27] DEBUG [tethys.tethys_compute.models:116] No default cluster template specified.

To set the default cluster template, set DEFAULT_TEMPLATE in the [global] section of the config to the name of one of your cluster templates
[14/Oct/2016 22:55:27] WARNING [py.warnings:22] /usr/local/lib/python2.7/site-packages/six.py:808: RemovedInDjango110Warning: SubfieldBase has been deprecated. Use Field.from_db_value instead.
  return meta(name, bases, d)

[14/Oct/2016 22:55:27] WARNING [py.warnings:22] /usr/local/lib/python2.7/site-packages/six.py:808: RemovedInDjango110Warning: SubfieldBase has been deprecated. Use Field.from_db_value instead.
  return meta(name, bases, d)

[14/Oct/2016 22:55:27] WARNING [py.warnings:22] /usr/local/lib/python2.7/site-packages/six.py:808: RemovedInDjango110Warning: SubfieldBase has been deprecated. Use Field.from_db_value instead.
  return meta(name, bases, d)

[14/Oct/2016 22:55:35] DEBUG [tethyscluster:647] Loading config
[14/Oct/2016 22:55:35] DEBUG [tethyscluster:160] Loading file: /root/.tethyscluster/config
[14/Oct/2016 22:55:35] INFO [tethyscluster:666] No [aws info] nor [azure info] section found in the config!
[14/Oct/2016 22:55:35] DEBUG [tethys.tethys_compute.models:116] No default cluster template specified.

To set the default cluster template, set DEFAULT_TEMPLATE in the [global] section of the config to the name of one of your cluster templates
[14/Oct/2016 22:55:35] WARNING [py.warnings:22] /usr/local/lib/python2.7/site-packages/six.py:808: RemovedInDjango110Warning: SubfieldBase has been deprecated. Use Field.from_db_value instead.
  return meta(name, bases, d)

[14/Oct/2016 22:55:35] ERROR [tethys.tethys_apps.utilities:353] relation "tethys_apps_tethysapp" does not exist
LINE 1: ...ethys_apps_tethysapp"."show_in_apps_library" FROM "tethys_ap...
                                                             ^

[14/Oct/2016 22:55:35] ERROR [tethys:36] relation "django_content_type" does not exist
LINE 1: ..."."app_label", "django_content_type"."model" FROM "django_co...
                                                             ^

[14/Oct/2016 22:55:35] WARNING [termsandconditions:111] Unable to find active terms list because terms and conditions tables not intialized.
[14/Oct/2016 22:55:41] DEBUG [tethyscluster:647] Loading config
[14/Oct/2016 22:55:41] DEBUG [tethyscluster:160] Loading file: /root/.tethyscluster/config
[14/Oct/2016 22:55:41] INFO [tethyscluster:666] No [aws info] nor [azure info] section found in the config!
[14/Oct/2016 22:55:41] DEBUG [tethys.tethys_compute.models:116] No default cluster template specified.

To set the default cluster template, set DEFAULT_TEMPLATE in the [global] section of the config to the name of one of your cluster templates
[14/Oct/2016 22:55:41] WARNING [py.warnings:22] /usr/local/lib/python2.7/site-packages/six.py:808: RemovedInDjango110Warning: SubfieldBase has been deprecated. Use Field.from_db_value instead.
  return meta(name, bases, d)

[14/Oct/2016 22:55:43] DEBUG [tethyscluster:647] Loading config
[14/Oct/2016 22:55:43] DEBUG [tethyscluster:160] Loading file: /root/.tethyscluster/config
[14/Oct/2016 22:55:43] INFO [tethyscluster:666] No [aws info] nor [azure info] section found in the config!
[14/Oct/2016 22:55:43] DEBUG [tethys.tethys_compute.models:116] No default cluster template specified.

To set the default cluster template, set DEFAULT_TEMPLATE in the [global] section of the config to the name of one of your cluster templates
[14/Oct/2016 22:55:43] WARNING [py.warnings:22] /usr/local/lib/python2.7/site-packages/six.py:808: RemovedInDjango110Warning: SubfieldBase has been deprecated. Use Field.from_db_value instead.
  return meta(name, bases, d)

[14/Oct/2016 22:55:59] DEBUG [tethyscluster:647] Loading config
[14/Oct/2016 22:55:59] DEBUG [tethyscluster:160] Loading file: /home/tethys-user/.tethyscluster/config
[14/Oct/2016 22:55:59] INFO [tethyscluster:666] No [aws info] nor [azure info] section found in the config!
[14/Oct/2016 22:55:59] DEBUG [tethys.tethys_compute.models:116] No default cluster template specified.

To set the default cluster template, set DEFAULT_TEMPLATE in the [global] section of the config to the name of one of your cluster templates
[14/Oct/2016 22:55:59] WARNING [py.warnings:22] /usr/local/lib/python2.7/site-packages/six.py:808: RemovedInDjango110Warning: SubfieldBase has been deprecated. Use Field.from_db_value instead.
  return meta(name, bases, d)

[14/Oct/2016 22:55:59] DEBUG [tethyscluster:647] Loading config
[14/Oct/2016 22:55:59] DEBUG [tethyscluster:160] Loading file: /home/tethys-user/.tethyscluster/config
[14/Oct/2016 22:55:59] INFO [tethyscluster:666] No [aws info] nor [azure info] section found in the config!
[14/Oct/2016 22:55:59] DEBUG [tethys.tethys_compute.models:116] No default cluster template specified.

To set the default cluster template, set DEFAULT_TEMPLATE in the [global] section of the config to the name of one of your cluster templates
[14/Oct/2016 22:56:00] WARNING [py.warnings:22] /usr/local/lib/python2.7/site-packages/six.py:808: RemovedInDjango110Warning: SubfieldBase has been deprecated. Use Field.from_db_value instead.
  return meta(name, bases, d)

[14/Oct/2016 22:56:00] DEBUG [tethyscluster:647] Loading config
[14/Oct/2016 22:56:00] DEBUG [tethyscluster:160] Loading file: /home/tethys-user/.tethyscluster/config
[14/Oct/2016 22:56:00] INFO [tethyscluster:666] No [aws info] nor [azure info] section found in the config!
[14/Oct/2016 22:56:00] DEBUG [tethys.tethys_compute.models:116] No default cluster template specified.

To set the default cluster template, set DEFAULT_TEMPLATE in the [global] section of the config to the name of one of your cluster templates
[14/Oct/2016 22:56:00] WARNING [py.warnings:22] /usr/local/lib/python2.7/site-packages/six.py:808: RemovedInDjango110Warning: SubfieldBase has been deprecated. Use Field.from_db_value instead.
  return meta(name, bases, d)

[14/Oct/2016 22:56:00] DEBUG [tethyscluster:647] Loading config
[14/Oct/2016 22:56:00] DEBUG [tethyscluster:160] Loading file: /home/tethys-user/.tethyscluster/config
[14/Oct/2016 22:56:00] INFO [tethyscluster:666] No [aws info] nor [azure info] section found in the config!
[14/Oct/2016 22:56:00] DEBUG [tethys.tethys_compute.models:116] No default cluster template specified.

To set the default cluster template, set DEFAULT_TEMPLATE in the [global] section of the config to the name of one of your cluster templates
[14/Oct/2016 22:56:00] DEBUG [tethyscluster:647] Loading config
[14/Oct/2016 22:56:00] DEBUG [tethyscluster:160] Loading file: /home/tethys-user/.tethyscluster/config
[14/Oct/2016 22:56:00] INFO [tethyscluster:666] No [aws info] nor [azure info] section found in the config!
[14/Oct/2016 22:56:00] DEBUG [tethys.tethys_compute.models:116] No default cluster template specified.

To set the default cluster template, set DEFAULT_TEMPLATE in the [global] section of the config to the name of one of your cluster templates
[14/Oct/2016 22:56:00] DEBUG [tethyscluster:647] Loading config
[14/Oct/2016 22:56:00] DEBUG [tethyscluster:160] Loading file: /home/tethys-user/.tethyscluster/config
[14/Oct/2016 22:56:00] INFO [tethyscluster:666] No [aws info] nor [azure info] section found in the config!
[14/Oct/2016 22:56:00] DEBUG [tethys.tethys_compute.models:116] No default cluster template specified.

To set the default cluster template, set DEFAULT_TEMPLATE in the [global] section of the config to the name of one of your cluster templates
[14/Oct/2016 22:56:00] DEBUG [tethyscluster:647] Loading config
[14/Oct/2016 22:56:00] DEBUG [tethyscluster:160] Loading file: /home/tethys-user/.tethyscluster/config
[14/Oct/2016 22:56:00] INFO [tethyscluster:666] No [aws info] nor [azure info] section found in the config!
[14/Oct/2016 22:56:00] DEBUG [tethys.tethys_compute.models:116] No default cluster template specified.

To set the default cluster template, set DEFAULT_TEMPLATE in the [global] section of the config to the name of one of your cluster templates
[14/Oct/2016 22:56:00] DEBUG [tethyscluster:647] Loading config
[14/Oct/2016 22:56:00] DEBUG [tethyscluster:160] Loading file: /home/tethys-user/.tethyscluster/config
[14/Oct/2016 22:56:00] INFO [tethyscluster:666] No [aws info] nor [azure info] section found in the config!
[14/Oct/2016 22:56:00] DEBUG [tethys.tethys_compute.models:116] No default cluster template specified.

To set the default cluster template, set DEFAULT_TEMPLATE in the [global] section of the config to the name of one of your cluster templates
[14/Oct/2016 22:56:00] WARNING [py.warnings:22] /usr/local/lib/python2.7/site-packages/six.py:808: RemovedInDjango110Warning: SubfieldBase has been deprecated. Use Field.from_db_value instead.
  return meta(name, bases, d)

[14/Oct/2016 22:56:00] WARNING [py.warnings:22] /usr/local/lib/python2.7/site-packages/six.py:808: RemovedInDjango110Warning: SubfieldBase has been deprecated. Use Field.from_db_value instead.
  return meta(name, bases, d)

[14/Oct/2016 22:56:00] DEBUG [tethyscluster:647] Loading config
[14/Oct/2016 22:56:00] DEBUG [tethyscluster:160] Loading file: /home/tethys-user/.tethyscluster/config
[14/Oct/2016 22:56:00] INFO [tethyscluster:666] No [aws info] nor [azure info] section found in the config!
[14/Oct/2016 22:56:00] WARNING [py.warnings:22] /usr/local/lib/python2.7/site-packages/six.py:808: RemovedInDjango110Warning: SubfieldBase has been deprecated. Use Field.from_db_value instead.
  return meta(name, bases, d)

[14/Oct/2016 22:56:00] DEBUG [tethys.tethys_compute.models:116] No default cluster template specified.

To set the default cluster template, set DEFAULT_TEMPLATE in the [global] section of the config to the name of one of your cluster templates
[14/Oct/2016 22:56:00] WARNING [py.warnings:22] /usr/local/lib/python2.7/site-packages/six.py:808: RemovedInDjango110Warning: SubfieldBase has been deprecated. Use Field.from_db_value instead.
  return meta(name, bases, d)

[14/Oct/2016 22:56:00] WARNING [py.warnings:22] /usr/local/lib/python2.7/site-packages/six.py:808: RemovedInDjango110Warning: SubfieldBase has been deprecated. Use Field.from_db_value instead.
  return meta(name, bases, d)

[14/Oct/2016 22:56:00] WARNING [py.warnings:22] /usr/local/lib/python2.7/site-packages/six.py:808: RemovedInDjango110Warning: SubfieldBase has been deprecated. Use Field.from_db_value instead.
  return meta(name, bases, d)

[14/Oct/2016 22:59:49] DEBUG [tethyscluster:647] Loading config
[14/Oct/2016 22:59:49] DEBUG [tethyscluster:160] Loading file: /home/tethys-user/.tethyscluster/config
[14/Oct/2016 22:59:49] INFO [tethyscluster:666] No [aws info] nor [azure info] section found in the config!
[14/Oct/2016 22:59:49] DEBUG [tethys.tethys_compute.models:116] No default cluster template specified.

To set the default cluster template, set DEFAULT_TEMPLATE in the [global] section of the config to the name of one of your cluster templates
[14/Oct/2016 22:59:49] DEBUG [tethyscluster:647] Loading config
[14/Oct/2016 22:59:49] DEBUG [tethyscluster:647] Loading config
[14/Oct/2016 22:59:49] DEBUG [tethyscluster:160] Loading file: /home/tethys-user/.tethyscluster/config
[14/Oct/2016 22:59:49] INFO [tethyscluster:666] No [aws info] nor [azure info] section found in the config!
[14/Oct/2016 22:59:49] DEBUG [tethys.tethys_compute.models:116] No default cluster template specified.

To set the default cluster template, set DEFAULT_TEMPLATE in the [global] section of the config to the name of one of your cluster templates
[14/Oct/2016 22:59:49] DEBUG [tethyscluster:160] Loading file: /home/tethys-user/.tethyscluster/config
[14/Oct/2016 22:59:49] INFO [tethyscluster:666] No [aws info] nor [azure info] section found in the config!
[14/Oct/2016 22:59:49] DEBUG [tethys.tethys_compute.models:116] No default cluster template specified.

To set the default cluster template, set DEFAULT_TEMPLATE in the [global] section of the config to the name of one of your cluster templates
[14/Oct/2016 22:59:49] WARNING [py.warnings:22] /usr/local/lib/python2.7/site-packages/six.py:808: RemovedInDjango110Warning: SubfieldBase has been deprecated. Use Field.from_db_value instead.
  return meta(name, bases, d)

[14/Oct/2016 22:59:50] DEBUG [tethyscluster:647] Loading config
[14/Oct/2016 22:59:50] DEBUG [tethyscluster:160] Loading file: /home/tethys-user/.tethyscluster/config
[14/Oct/2016 22:59:50] INFO [tethyscluster:666] No [aws info] nor [azure info] section found in the config!
[14/Oct/2016 22:59:50] DEBUG [tethys.tethys_compute.models:116] No default cluster template specified.

To set the default cluster template, set DEFAULT_TEMPLATE in the [global] section of the config to the name of one of your cluster templates
[14/Oct/2016 22:59:50] DEBUG [tethyscluster:647] Loading config
[14/Oct/2016 22:59:50] DEBUG [tethyscluster:160] Loading file: /home/tethys-user/.tethyscluster/config
[14/Oct/2016 22:59:50] INFO [tethyscluster:666] No [aws info] nor [azure info] section found in the config!
[14/Oct/2016 22:59:50] DEBUG [tethys.tethys_compute.models:116] No default cluster template specified.

To set the default cluster template, set DEFAULT_TEMPLATE in the [global] section of the config to the name of one of your cluster templates
[14/Oct/2016 22:59:50] DEBUG [tethyscluster:647] Loading config
[14/Oct/2016 22:59:50] DEBUG [tethyscluster:160] Loading file: /home/tethys-user/.tethyscluster/config
[14/Oct/2016 22:59:50] INFO [tethyscluster:666] No [aws info] nor [azure info] section found in the config!
[14/Oct/2016 22:59:50] DEBUG [tethys.tethys_compute.models:116] No default cluster template specified.

To set the default cluster template, set DEFAULT_TEMPLATE in the [global] section of the config to the name of one of your cluster templates
[14/Oct/2016 22:59:50] DEBUG [tethyscluster:647] Loading config
[14/Oct/2016 22:59:50] DEBUG [tethyscluster:160] Loading file: /home/tethys-user/.tethyscluster/config
[14/Oct/2016 22:59:50] INFO [tethyscluster:666] No [aws info] nor [azure info] section found in the config!
[14/Oct/2016 22:59:50] DEBUG [tethys.tethys_compute.models:116] No default cluster template specified.

To set the default cluster template, set DEFAULT_TEMPLATE in the [global] section of the config to the name of one of your cluster templates
[14/Oct/2016 22:59:50] WARNING [py.warnings:22] /usr/local/lib/python2.7/site-packages/six.py:808: RemovedInDjango110Warning: SubfieldBase has been deprecated. Use Field.from_db_value instead.
  return meta(name, bases, d)

[14/Oct/2016 22:59:50] WARNING [py.warnings:22] /usr/local/lib/python2.7/site-packages/six.py:808: RemovedInDjango110Warning: SubfieldBase has been deprecated. Use Field.from_db_value instead.
  return meta(name, bases, d)

[14/Oct/2016 22:59:50] WARNING [py.warnings:22] /usr/local/lib/python2.7/site-packages/six.py:808: RemovedInDjango110Warning: SubfieldBase has been deprecated. Use Field.from_db_value instead.
  return meta(name, bases, d)

[14/Oct/2016 22:59:50] WARNING [py.warnings:22] /usr/local/lib/python2.7/site-packages/six.py:808: RemovedInDjango110Warning: SubfieldBase has been deprecated. Use Field.from_db_value instead.
  return meta(name, bases, d)

[14/Oct/2016 22:59:50] DEBUG [tethyscluster:647] Loading config
[14/Oct/2016 22:59:50] DEBUG [tethyscluster:160] Loading file: /home/tethys-user/.tethyscluster/config
[14/Oct/2016 22:59:50] INFO [tethyscluster:666] No [aws info] nor [azure info] section found in the config!
[14/Oct/2016 22:59:50] DEBUG [tethys.tethys_compute.models:116] No default cluster template specified.

To set the default cluster template, set DEFAULT_TEMPLATE in the [global] section of the config to the name of one of your cluster templates
[14/Oct/2016 22:59:50] WARNING [py.warnings:22] /usr/local/lib/python2.7/site-packages/six.py:808: RemovedInDjango110Warning: SubfieldBase has been deprecated. Use Field.from_db_value instead.
  return meta(name, bases, d)

[14/Oct/2016 22:59:50] WARNING [py.warnings:22] /usr/local/lib/python2.7/site-packages/six.py:808: RemovedInDjango110Warning: SubfieldBase has been deprecated. Use Field.from_db_value instead.
  return meta(name, bases, d)

[14/Oct/2016 22:59:50] WARNING [py.warnings:22] /usr/local/lib/python2.7/site-packages/six.py:808: RemovedInDjango110Warning: SubfieldBase has been deprecated. Use Field.from_db_value instead.
  return meta(name, bases, d)

[14/Oct/2016 22:59:50] DEBUG [tethyscluster:647] Loading config
[14/Oct/2016 22:59:50] DEBUG [tethyscluster:160] Loading file: /home/tethys-user/.tethyscluster/config
[14/Oct/2016 22:59:50] INFO [tethyscluster:666] No [aws info] nor [azure info] section found in the config!
[14/Oct/2016 22:59:50] DEBUG [tethys.tethys_compute.models:116] No default cluster template specified.

To set the default cluster template, set DEFAULT_TEMPLATE in the [global] section of the config to the name of one of your cluster templates
[14/Oct/2016 22:59:50] WARNING [py.warnings:22] /usr/local/lib/python2.7/site-packages/six.py:808: RemovedInDjango110Warning: SubfieldBase has been deprecated. Use Field.from_db_value instead.
  return meta(name, bases, d)

